C:\Program Files (x86)\Microsoft Visual Studio\2017\Community\Common7\IDE\VC\VCTargets\Microsoft.CppBuild.targets(391,5): warning MSB8028: The intermediate directory (x64\Debug\) contains files shared from another project (OpenCV3_Template.vcxproj).  This can lead to incorrect clean and rebuild behavior.
  pch.cpp
  DisplacementMeasurement.cpp
c:\users\pandar\source\repos\opencv3_template\opencv3_template\displacementmeasurement.cpp(17): warning C4305: 'initializing': truncation from 'double' to 'float'
c:\users\pandar\source\repos\opencv3_template\opencv3_template\displacementmeasurement.cpp(450): warning C4244: 'argument': conversion from 'double' to '_Tp', possible loss of data
          with
          [
              _Tp=float
          ]
c:\users\pandar\source\repos\opencv3_template\opencv3_template\displacementmeasurement.cpp(506): warning C4244: '=': conversion from 'double' to '_Ty', possible loss of data
          with
          [
              _Ty=int
          ]
c:\users\pandar\source\repos\opencv3_template\opencv3_template\displacementmeasurement.cpp(508): warning C4244: '=': conversion from 'double' to '_Ty', possible loss of data
          with
          [
              _Ty=int
          ]
  OpenCV3_Template.vcxproj -> C:\Users\PanDaR\source\repos\OpenCV3_Template\x64\Debug\DisplacementMeasurement.exe
